Introdueix la mida de la sopa: Utilitzem el diccionari Balena.
Diccionari llegit.
Ara es creara la sopa de mida 20
CREADA!! Ara afegim les paraules...
ciriot : 11 18
daina : 11 19
eden : 12 0
idea : 12 4
ideal : 12 4
jeia : 12 5
lamentable : 12 6
maca : 12 7
macat : 12 7
nadiu : 12 8
obeir : 12 9
paciencia : 12 10
quadra : 12 11
rabent : 12 12
sabates : 12 13
tacit : 12 14
ubagors : 12 15
vacilla : 12 16
vacillacio : 12 16
watteau : 12 19
xacolata : 13 19
zag : 14 19
Total paraules: 22
----------------------
-T O B F G C Y M Y G I U B J R C K T O A-
-F W M T E J Y A N X Z I B I U J M U J E-
-L E C X J F U E P R Y W N Z K I M K S G-
-F C H A N J R E D U K P A V R R U S W R-
-C N Y U J B A S B Z C C B H F A Z Z F S-
-J N J U K Q R G O S D K L A P Y G H V T-
-G K J E B O U D D F F X X L T E P P N Y-
-Y Q L B C Z O J V P Z Q W Y B G Y V Y K-
-Z S G G A Z S R I K E Z M H S H Y I P Y-
-T W G M C S E R R B U M F F L I Q Y J L-
-B Y Q V V H L I X S D H F L P E O S A W-
-D M L R D U Y R X P J O B J S Z M A c d-
-e f g h i j l m n o p q r s t u v i a w-
-d a a d e a a a b a u a a a b a r i a x-
-e b e i m c d e c a b b c a c i n t a z-
-n a a e a i i i d e a i g i o a t c a A-
-l F n t u r e r n t t o l t F e o g A P-
-M t V X A n a t e G r l Y R a l H D H C-
-a U W C c J Y s F s a Y X u a L O F O L-
-b l e i a Z Y M Z c i o Q t a N U V B T-
----------------------
